2026-07-19 21:45:20,124 - Conftest - INFO - Test Session Started at: 2026-07-19 21:45:20.124192
2026-07-19 21:45:20,197 - Conftest - INFO - Starting local mock app server...
2026-07-19 21:45:20,198 - Conftest - INFO - Initializing WebDriver session...
2026-07-19 21:45:22,476 - LoginPage - INFO - Navigating to URL: http://127.0.0.1:8080/login.html
2026-07-19 21:45:22,575 - Conftest - INFO - Closing WebDriver session...
2026-07-19 21:45:28,885 - Conftest - INFO - Initializing WebDriver session...
2026-07-19 21:45:30,421 - LoginPage - INFO - Navigating to URL: http://127.0.0.1:8080/login.html
2026-07-19 21:45:30,524 - Conftest - INFO - Closing WebDriver session...
2026-07-19 21:45:36,753 - Conftest - INFO - Initializing WebDriver session...
2026-07-19 21:45:38,566 - LoginPage - INFO - Navigating to URL: http://127.0.0.1:8080/login.html
2026-07-20 08:25:18,570 - Conftest - INFO - Test Session Started at: 2026-07-20 08:25:18.570956
2026-07-20 08:25:18,618 - Conftest - INFO - Starting local mock app server...
2026-07-20 08:25:18,619 - Conftest - INFO - Initializing WebDriver session...
2026-07-20 08:25:29,649 - LoginPage - INFO - Navigating to URL: http://127.0.0.1:8080/login.html
2026-07-20 08:25:29,794 - Conftest - INFO - Closing WebDriver session...
2026-07-20 08:25:36,085 - Conftest - INFO - Initializing WebDriver session...
2026-07-20 08:25:37,691 - LoginPage - INFO - Navigating to URL: http://127.0.0.1:8080/login.html
2026-07-20 08:25:37,822 - Conftest - INFO - Closing WebDriver session...
2026-07-20 08:25:45,049 - Conftest - INFO - Initializing WebDriver session...
2026-07-20 08:25:46,496 - LoginPage - INFO - Navigating to URL: http://127.0.0.1:8080/login.html
2026-07-20 08:25:51,908 - Conftest - INFO - Closing WebDriver session...
2026-07-20 08:25:54,052 - Conftest - INFO - Initializing WebDriver session...
2026-07-20 08:25:55,445 - LoginPage - INFO - Navigating to URL: http://127.0.0.1:8080/login.html
2026-07-20 08:25:55,573 - LoginPage - INFO - Typing text 'astronaut@orbitx.com' into element: ('id', 'username')
2026-07-20 08:25:55,706 - LoginPage - INFO - Typing text 'password123' into element: ('id', 'password')
2026-07-20 08:25:55,803 - LoginPage - INFO - Clicking element: ('id', 'login-btn')
2026-07-20 08:26:00,119 - Conftest - INFO - Closing WebDriver session...
2026-07-20 08:26:02,242 - Conftest - INFO - Initializing WebDriver session...
2026-07-20 08:26:03,664 - LoginPage - INFO - Navigating to URL: http://127.0.0.1:8080/login.html
2026-07-20 08:26:03,768 - LoginPage - INFO - Typing text 'wrong@orbitx.com' into element: ('id', 'username')
2026-07-20 08:26:03,902 - LoginPage - INFO - Typing text 'wrongpassword' into element: ('id', 'password')
2026-07-20 08:26:03,965 - LoginPage - INFO - Clicking element: ('id', 'login-btn')
2026-07-20 08:26:04,062 - Conftest - INFO - Closing WebDriver session...
2026-07-20 08:26:10,315 - Conftest - INFO - Initializing WebDriver session...
2026-07-20 08:26:11,734 - LoginPage - INFO - Navigating to URL: http://127.0.0.1:8080/login.html
2026-07-20 08:26:11,834 - LoginPage - INFO - Typing text 'astronaut@orbitx.com' into element: ('id', 'username')
2026-07-20 08:26:12,199 - LoginPage - INFO - Typing text 'password123' into element: ('id', 'password')
2026-07-20 08:26:12,270 - LoginPage - INFO - Clicking element: ('id', 'login-btn')
2026-07-20 08:26:12,431 - DashboardPage - INFO - Clicking element: ('id', 'logout-btn')
2026-07-20 08:26:12,553 - Conftest - INFO - Closing WebDriver session...
2026-07-20 08:26:18,814 - Conftest - INFO - Initializing WebDriver session...
2026-07-20 08:26:20,340 - LoginPage - INFO - Navigating to URL: http://127.0.0.1:8080/login.html
2026-07-20 08:26:20,414 - LoginPage - INFO - Typing text 'astronaut@orbitx.com' into element: ('id', 'username')
2026-07-20 08:26:20,566 - LoginPage - INFO - Typing text 'password123' into element: ('id', 'password')
2026-07-20 08:26:20,694 - LoginPage - INFO - Clicking element: ('id', 'login-btn')
2026-07-20 08:26:20,811 - NavigationPage - INFO - Clicking element: ('id', 'nav-planet-explorer')
2026-07-20 08:26:31,279 - Conftest - INFO - Closing WebDriver session...
2026-07-20 08:26:33,415 - Conftest - INFO - Initializing WebDriver session...
2026-07-20 08:26:34,855 - LogoutPage - INFO - Navigating to URL: http://127.0.0.1:8080/dashboard.html
2026-07-20 08:26:34,948 - Conftest - INFO - Closing WebDriver session...
2026-07-20 08:26:41,163 - Conftest - INFO - Initializing WebDriver session...
2026-07-20 08:26:42,707 - LoginPage - INFO - Navigating to URL: http://127.0.0.1:8080/login.html
2026-07-20 08:26:42,799 - LoginPage - INFO - Typing text 'astronaut@orbitx.com' into element: ('id', 'username')
2026-07-20 08:26:42,924 - LoginPage - INFO - Typing text 'password123' into element: ('id', 'password')
2026-07-20 08:26:42,991 - LoginPage - INFO - Clicking element: ('id', 'login-btn')
2026-07-20 08:26:43,333 - Conftest - INFO - Closing WebDriver session...
2026-07-20 08:26:45,457 - Conftest - INFO - Initializing WebDriver session...
2026-07-20 08:26:46,876 - LoginPage - INFO - Navigating to URL: http://127.0.0.1:8080/login.html
2026-07-20 08:26:46,946 - LoginPage - INFO - Typing text 'password123' into element: ('id', 'password')
2026-07-20 08:26:47,062 - LoginPage - INFO - Clicking element: ('id', 'login-btn')
2026-07-20 08:26:47,200 - Conftest - INFO - Closing WebDriver session...
2026-07-20 08:26:53,404 - Conftest - INFO - Initializing WebDriver session...
2026-07-20 08:26:55,409 - LoginPage - INFO - Navigating to URL: http://127.0.0.1:8080/login.html
2026-07-20 08:26:55,573 - LoginPage - INFO - Typing text 'astronaut@orbitx.com' into element: ('id', 'username')
2026-07-20 08:26:55,766 - LoginPage - INFO - Clicking element: ('id', 'login-btn')
2026-07-20 08:26:55,915 - Conftest - INFO - Closing WebDriver session...
2026-07-20 08:27:02,204 - Conftest - INFO - Initializing WebDriver session...
2026-07-20 08:27:03,787 - LoginPage - INFO - Navigating to URL: http://127.0.0.1:8080/login.html
2026-07-20 08:27:03,856 - LoginPage - INFO - Clicking element: ('id', 'login-btn')
2026-07-20 08:27:04,014 - Conftest - INFO - Closing WebDriver session...
2026-07-20 08:27:06,133 - Conftest - INFO - Stopping local mock app server...
2026-07-20 08:27:10,478 - Conftest - INFO - Test Session Completed. Total duration: 111.91s
2026-07-20 08:29:24,874 - Conftest - INFO - Test Session Started at: 2026-07-20 08:29:24.874218
2026-07-20 08:29:24,920 - Conftest - INFO - Starting local mock app server...
2026-07-20 08:29:24,921 - Conftest - INFO - Initializing WebDriver session...
2026-07-20 08:29:44,765 - Conftest - INFO - Initializing WebDriver session...
2026-07-20 08:29:47,150 - Conftest - INFO - Initializing WebDriver session...
2026-07-20 08:29:49,294 - Conftest - INFO - Initializing WebDriver session...
2026-07-20 08:29:51,754 - Conftest - INFO - Initializing WebDriver session...
2026-07-20 08:29:53,961 - Conftest - INFO - Initializing WebDriver session...
2026-07-20 08:29:55,822 - Conftest - INFO - Initializing WebDriver session...
2026-07-20 08:29:57,889 - Conftest - INFO - Initializing WebDriver session...
2026-07-20 08:29:59,738 - Conftest - INFO - Initializing WebDriver session...
2026-07-20 08:30:01,762 - Conftest - INFO - Initializing WebDriver session...
2026-07-20 08:30:03,870 - Conftest - INFO - Initializing WebDriver session...
2026-07-20 08:30:05,915 - Conftest - INFO - Initializing WebDriver session...
2026-07-20 08:30:08,645 - Conftest - INFO - Stopping local mock app server...
2026-07-20 08:30:09,009 - Conftest - INFO - Test Session Completed. Total duration: 44.13s
2026-07-20 08:31:13,358 - Conftest - INFO - Test Session Started at: 2026-07-20 08:31:13.358523
2026-07-20 08:31:13,399 - Conftest - INFO - Starting local mock app server...
2026-07-20 08:31:13,400 - Conftest - INFO - Initializing WebDriver session...
2026-07-20 08:31:17,975 - LoginPage - INFO - Navigating to URL: http://127.0.0.1:8080/login.html
2026-07-20 08:31:18,085 - Conftest - INFO - Closing WebDriver session...
2026-07-20 08:31:24,449 - Conftest - INFO - Initializing WebDriver session...
2026-07-20 08:31:27,558 - LoginPage - INFO - Navigating to URL: http://127.0.0.1:8080/login.html
2026-07-20 08:31:27,670 - Conftest - INFO - Closing WebDriver session...
2026-07-20 08:31:33,879 - Conftest - INFO - Initializing WebDriver session...
2026-07-20 08:31:37,102 - LoginPage - INFO - Navigating to URL: http://127.0.0.1:8080/login.html
2026-07-20 08:31:37,250 - Conftest - INFO - Closing WebDriver session...
2026-07-20 08:31:43,595 - Conftest - INFO - Initializing WebDriver session...
2026-07-20 08:31:46,750 - LoginPage - INFO - Navigating to URL: http://127.0.0.1:8080/login.html
2026-07-20 08:31:46,819 - LoginPage - INFO - Typing text 'astronaut@orbitx.com' into element: ('id', 'username')
2026-07-20 08:31:46,976 - LoginPage - INFO - Typing text 'password123' into element: ('id', 'password')
2026-07-20 08:31:47,033 - LoginPage - INFO - Clicking element: ('id', 'login-btn')
2026-07-20 08:31:47,196 - Conftest - INFO - Closing WebDriver session...
2026-07-20 08:31:53,394 - Conftest - INFO - Initializing WebDriver session...
2026-07-20 08:31:57,248 - LoginPage - INFO - Navigating to URL: http://127.0.0.1:8080/login.html
2026-07-20 08:31:57,311 - LoginPage - INFO - Typing text 'wrong@orbitx.com' into element: ('id', 'username')
2026-07-20 08:31:57,449 - LoginPage - INFO - Typing text 'wrongpassword' into element: ('id', 'password')
2026-07-20 08:31:57,511 - LoginPage - INFO - Clicking element: ('id', 'login-btn')
2026-07-20 08:31:57,609 - Conftest - INFO - Closing WebDriver session...
2026-07-20 08:32:03,817 - Conftest - INFO - Initializing WebDriver session...
2026-07-20 08:32:06,899 - LoginPage - INFO - Navigating to URL: http://127.0.0.1:8080/login.html
2026-07-20 08:32:06,970 - LoginPage - INFO - Typing text 'astronaut@orbitx.com' into element: ('id', 'username')
2026-07-20 08:32:07,091 - LoginPage - INFO - Typing text 'password123' into element: ('id', 'password')
2026-07-20 08:32:07,159 - LoginPage - INFO - Clicking element: ('id', 'login-btn')
2026-07-20 08:32:07,281 - DashboardPage - INFO - Clicking element: ('id', 'logout-btn')
2026-07-20 08:32:07,359 - Conftest - INFO - Closing WebDriver session...
2026-07-20 08:32:13,536 - Conftest - INFO - Initializing WebDriver session...
2026-07-20 08:32:16,551 - LoginPage - INFO - Navigating to URL: http://127.0.0.1:8080/login.html
2026-07-20 08:32:16,618 - LoginPage - INFO - Typing text 'astronaut@orbitx.com' into element: ('id', 'username')
2026-07-20 08:32:16,740 - LoginPage - INFO - Typing text 'password123' into element: ('id', 'password')
2026-07-20 08:32:16,819 - LoginPage - INFO - Clicking element: ('id', 'login-btn')
2026-07-20 08:32:16,983 - NavigationPage - INFO - Clicking element: ('id', 'nav-planet-explorer')
2026-07-20 08:32:17,052 - NavigationPage - INFO - Clicking element: ('id', 'nav-space-notes')
2026-07-20 08:32:17,120 - NavigationPage - INFO - Clicking element: ('id', 'nav-satellite-radar')
2026-07-20 08:32:17,192 - Conftest - INFO - Closing WebDriver session...
2026-07-20 08:32:23,395 - Conftest - INFO - Initializing WebDriver session...
2026-07-20 08:32:26,472 - LogoutPage - INFO - Navigating to URL: http://127.0.0.1:8080/dashboard.html
2026-07-20 08:32:26,558 - Conftest - INFO - Closing WebDriver session...
2026-07-20 08:32:32,756 - Conftest - INFO - Initializing WebDriver session...
2026-07-20 08:32:36,051 - LoginPage - INFO - Navigating to URL: http://127.0.0.1:8080/login.html
2026-07-20 08:32:36,114 - LoginPage - INFO - Typing text 'astronaut@orbitx.com' into element: ('id', 'username')
2026-07-20 08:32:36,267 - LoginPage - INFO - Typing text 'password123' into element: ('id', 'password')
2026-07-20 08:32:36,339 - LoginPage - INFO - Clicking element: ('id', 'login-btn')
2026-07-20 08:34:04,224 - Conftest - INFO - Closing WebDriver session...
2026-07-20 08:34:10,411 - Conftest - INFO - Initializing WebDriver session...
2026-07-20 08:34:13,648 - LoginPage - INFO - Navigating to URL: http://127.0.0.1:8080/login.html
2026-07-20 08:34:13,758 - LoginPage - INFO - Typing text 'password123' into element: ('id', 'password')
2026-07-20 08:34:13,905 - LoginPage - INFO - Clicking element: ('id', 'login-btn')
2026-07-20 08:34:14,041 - Conftest - INFO - Closing WebDriver session...
2026-07-20 08:34:20,241 - Conftest - INFO - Initializing WebDriver session...
2026-07-20 08:34:23,251 - LoginPage - INFO - Navigating to URL: http://127.0.0.1:8080/login.html
2026-07-20 08:34:23,340 - LoginPage - INFO - Typing text 'astronaut@orbitx.com' into element: ('id', 'username')
2026-07-20 08:34:23,490 - LoginPage - INFO - Clicking element: ('id', 'login-btn')
2026-07-20 08:34:23,576 - Conftest - INFO - Closing WebDriver session...
2026-07-20 08:34:29,785 - Conftest - INFO - Initializing WebDriver session...
2026-07-20 08:34:32,971 - LoginPage - INFO - Navigating to URL: http://127.0.0.1:8080/login.html
2026-07-20 08:34:33,029 - LoginPage - INFO - Clicking element: ('id', 'login-btn')
2026-07-20 08:34:33,238 - Conftest - INFO - Closing WebDriver session...
2026-07-20 08:34:35,364 - Conftest - INFO - Stopping local mock app server...
2026-07-20 08:34:39,649 - Conftest - INFO - Test Session Completed. Total duration: 206.29s
2026-07-20 08:39:14,719 - Conftest - INFO - Test Session Started at: 2026-07-20 08:39:14.719678
2026-07-20 08:39:14,886 - Conftest - INFO - Starting local mock app server...
2026-07-20 08:39:14,911 - Conftest - INFO - Initializing WebDriver session...
2026-07-20 08:39:19,433 - LoginPage - INFO - Navigating to URL: http://127.0.0.1:8080/login.html
2026-07-20 08:39:19,501 - LoginPage - INFO - Clicking element: ('id', 'login-btn')
2026-07-20 08:39:19,835 - Conftest - INFO - Closing WebDriver session...
2026-07-20 08:39:26,138 - Conftest - INFO - Initializing WebDriver session...
2026-07-20 08:39:29,484 - LoginPage - INFO - Navigating to URL: http://127.0.0.1:8080/login.html
2026-07-20 08:39:29,538 - LoginPage - INFO - Typing text 'wrong@orbitx.com' into element: ('id', 'username')
2026-07-20 08:39:29,677 - LoginPage - INFO - Typing text 'wrongpass' into element: ('id', 'password')
2026-07-20 08:39:29,773 - LoginPage - INFO - Clicking element: ('id', 'login-btn')
2026-07-20 08:39:29,893 - Conftest - INFO - Closing WebDriver session...
2026-07-20 08:39:36,113 - Conftest - INFO - Initializing WebDriver session...
2026-07-20 08:39:39,021 - LoginPage - INFO - Navigating to URL: http://127.0.0.1:8080/login.html
2026-07-20 08:39:39,076 - LoginPage - INFO - Typing text 'astronaut@orbitx.com' into element: ('id', 'username')
2026-07-20 08:39:39,227 - LoginPage - INFO - Typing text 'password123' into element: ('id', 'password')
2026-07-20 08:39:39,311 - LoginPage - INFO - Clicking element: ('id', 'login-btn')
2026-07-20 08:39:39,457 - DashboardPage - INFO - Clicking element: ('id', 'logout-btn')
2026-07-20 08:39:39,554 - Conftest - INFO - Closing WebDriver session...
2026-07-20 08:39:45,782 - Conftest - INFO - Initializing WebDriver session...
2026-07-20 08:39:48,823 - LoginPage - INFO - Navigating to URL: http://127.0.0.1:8080/login.html
2026-07-20 08:39:48,917 - LoginPage - INFO - Typing text 'astronaut@orbitx.com' into element: ('id', 'username')
2026-07-20 08:39:49,063 - LoginPage - INFO - Typing text 'password123' into element: ('id', 'password')
2026-07-20 08:39:49,139 - LoginPage - INFO - Clicking element: ('id', 'login-btn')
2026-07-20 08:39:49,248 - NavigationPage - INFO - Clicking element: ('id', 'nav-satellite-radar')
2026-07-20 08:39:49,342 - NavigationPage - INFO - Clicking element: ('id', 'nav-planet-explorer')
2026-07-20 08:39:49,405 - NavigationPage - INFO - Clicking element: ('id', 'nav-space-notes')
2026-07-20 08:39:49,471 - Conftest - INFO - Closing WebDriver session...
2026-07-20 08:39:55,672 - Conftest - INFO - Initializing WebDriver session...
2026-07-20 08:39:58,704 - LoginPage - INFO - Navigating to URL: http://127.0.0.1:8080/login.html
2026-07-20 08:39:58,768 - LoginPage - INFO - Typing text 'astronaut@orbitx.com' into element: ('id', 'username')
2026-07-20 08:39:58,892 - LoginPage - INFO - Typing text 'password123' into element: ('id', 'password')
2026-07-20 08:39:58,965 - LoginPage - INFO - Clicking element: ('id', 'login-btn')
2026-07-20 08:39:59,111 - SpaceNotesPage - INFO - Typing text 'Jupiter' into element: ('css selector', "input[placeholder*='Give notes about']")
2026-07-20 08:39:59,204 - SpaceNotesPage - INFO - Clicking element: ('css selector', "form button[type='submit']")
2026-07-20 08:39:59,400 - SpaceNotesPage - INFO - Clicking element: ('xpath', "//button[contains(text(), 'Detailed Analysis')]")
2026-07-20 08:39:59,461 - SpaceNotesPage - INFO - Clicking element: ('xpath', "//button[contains(text(), 'PDF Summary')]")
2026-07-20 08:39:59,538 - SpaceNotesPage - INFO - Clicking element: ('xpath', "//button[contains(text(), 'Study Flashcards')]")
2026-07-20 08:39:59,629 - SpaceNotesPage - INFO - Clicking element: ('css selector', '.perspective-1000')
2026-07-20 08:40:05,101 - Conftest - INFO - Closing WebDriver session...
2026-07-20 08:40:07,261 - Conftest - INFO - Initializing WebDriver session...
2026-07-20 08:40:10,824 - LoginPage - INFO - Navigating to URL: http://127.0.0.1:8080/login.html
2026-07-20 08:40:10,881 - LoginPage - INFO - Typing text 'astronaut@orbitx.com' into element: ('id', 'username')
2026-07-20 08:40:11,022 - LoginPage - INFO - Typing text 'password123' into element: ('id', 'password')
2026-07-20 08:40:11,113 - LoginPage - INFO - Clicking element: ('id', 'login-btn')
2026-07-20 08:40:11,566 - Conftest - INFO - Closing WebDriver session...
2026-07-20 08:40:13,717 - Conftest - INFO - Initializing WebDriver session...
2026-07-20 08:40:16,480 - LoginPage - INFO - Navigating to URL: http://127.0.0.1:8080/login.html
2026-07-20 08:40:16,531 - LoginPage - INFO - Typing text 'astronaut@orbitx.com' into element: ('id', 'username')
2026-07-20 08:40:16,684 - LoginPage - INFO - Typing text 'password123' into element: ('id', 'password')
2026-07-20 08:40:16,766 - LoginPage - INFO - Clicking element: ('id', 'login-btn')
2026-07-20 08:40:17,002 - SettingsPage - INFO - Clicking element: ('xpath', "//h4[contains(text(), 'Real-Time Satellite Feed')]/parent::div/following-sibling::button")
2026-07-20 08:40:17,082 - SettingsPage - INFO - Setting range slider value to 500 on element: ('xpath', "//label[contains(text(), 'Latency Threshold')]/following-sibling::div/input")
2026-07-20 08:40:17,112 - SettingsPage - INFO - Clicking element: ('xpath', "//button[contains(text(), 'Hybrid-AI')]")
2026-07-20 08:40:17,188 - SettingsPage - INFO - Setting range slider value to 90 on element: ('xpath', "//label[contains(text(), 'Confidence Filter')]/parent::div/following-sibling::input")
2026-07-20 08:40:17,462 - Conftest - INFO - Closing WebDriver session...
2026-07-20 08:40:23,686 - Conftest - INFO - Initializing WebDriver session...
2026-07-20 08:40:26,763 - LoginPage - INFO - Navigating to URL: http://127.0.0.1:8080/login.html
2026-07-20 08:40:26,831 - LoginPage - INFO - Typing text 'astronaut@orbitx.com' into element: ('id', 'username')
2026-07-20 08:40:26,946 - LoginPage - INFO - Typing text 'password123' into element: ('id', 'password')
2026-07-20 08:40:27,019 - LoginPage - INFO - Clicking element: ('id', 'login-btn')
2026-07-20 08:40:27,338 - Conftest - INFO - Closing WebDriver session...
2026-07-20 08:40:29,484 - Conftest - INFO - Initializing WebDriver session...
2026-07-20 08:40:40,806 - LoginPage - INFO - Navigating to URL: http://127.0.0.1:8080/login.html
2026-07-20 08:40:40,902 - LoginPage - INFO - Typing text 'astronaut@orbitx.com' into element: ('id', 'username')
2026-07-20 08:40:41,057 - LoginPage - INFO - Typing text 'password123' into element: ('id', 'password')
2026-07-20 08:40:41,138 - LoginPage - INFO - Clicking element: ('id', 'login-btn')
2026-07-20 08:40:51,754 - Conftest - INFO - Closing WebDriver session...
2026-07-20 08:40:53,890 - Conftest - INFO - Initializing WebDriver session...
2026-07-20 08:40:57,045 - LoginPage - INFO - Navigating to URL: http://127.0.0.1:8080/dashboard.html
2026-07-20 08:40:57,170 - Conftest - INFO - Closing WebDriver session...
2026-07-20 08:40:59,284 - Conftest - INFO - Stopping local mock app server...
2026-07-20 08:41:03,811 - Conftest - INFO - Test Session Completed. Total duration: 109.09s
2026-07-20 08:42:58,352 - Conftest - INFO - Test Session Started at: 2026-07-20 08:42:58.352552
2026-07-20 08:42:58,393 - Conftest - INFO - Starting local mock app server...
2026-07-20 08:42:58,394 - Conftest - INFO - Initializing WebDriver session...
2026-07-20 08:43:12,491 - LoginPage - INFO - Navigating to URL: http://127.0.0.1:8080/login.html
2026-07-20 08:43:12,806 - LoginPage - INFO - Typing text 'astronaut@orbitx.com' into element: ('id', 'username')
2026-07-20 08:43:13,023 - LoginPage - INFO - Typing text 'password123' into element: ('id', 'password')
2026-07-20 08:43:13,098 - LoginPage - INFO - Clicking element: ('id', 'login-btn')
2026-07-20 08:43:24,058 - Conftest - INFO - Closing WebDriver session...
2026-07-20 08:43:26,407 - Conftest - INFO - Stopping local mock app server...
2026-07-20 08:43:26,502 - Conftest - INFO - Test Session Completed. Total duration: 28.15s
2026-07-20 08:47:56,458 - Conftest - INFO - Test Session Started at: 2026-07-20 08:47:56.458514
2026-07-20 08:47:56,512 - Conftest - INFO - Starting local mock app server...
2026-07-20 08:47:56,515 - Conftest - INFO - Initializing WebDriver session...
2026-07-20 08:48:00,322 - LoginPage - INFO - Navigating to URL: http://127.0.0.1:8080/login.html
2026-07-20 08:48:00,494 - LoginPage - INFO - Clicking element: ('id', 'login-btn')
2026-07-20 08:48:00,907 - Conftest - INFO - Closing WebDriver session...
2026-07-20 08:48:07,124 - Conftest - INFO - Initializing WebDriver session...
2026-07-20 08:48:11,140 - LoginPage - INFO - Navigating to URL: http://127.0.0.1:8080/login.html
2026-07-20 08:48:11,207 - LoginPage - INFO - Typing text 'wrong@orbitx.com' into element: ('id', 'username')
2026-07-20 08:48:11,519 - LoginPage - INFO - Typing text 'wrongpass' into element: ('id', 'password')
2026-07-20 08:48:11,606 - LoginPage - INFO - Clicking element: ('id', 'login-btn')
2026-07-20 08:48:11,743 - Conftest - INFO - Closing WebDriver session...
2026-07-20 08:48:17,870 - Conftest - INFO - Initializing WebDriver session...
2026-07-20 08:48:22,209 - LoginPage - INFO - Navigating to URL: http://127.0.0.1:8080/login.html
2026-07-20 08:48:22,323 - LoginPage - INFO - Typing text 'astronaut@orbitx.com' into element: ('id', 'username')
2026-07-20 08:48:22,524 - LoginPage - INFO - Typing text 'password123' into element: ('id', 'password')
2026-07-20 08:48:22,602 - LoginPage - INFO - Clicking element: ('id', 'login-btn')
2026-07-20 08:48:22,754 - DashboardPage - INFO - Clicking element: ('id', 'logout-btn')
2026-07-20 08:48:22,838 - Conftest - INFO - Closing WebDriver session...
2026-07-20 08:48:28,975 - Conftest - INFO - Initializing WebDriver session...
2026-07-20 08:48:33,467 - LoginPage - INFO - Navigating to URL: http://127.0.0.1:8080/login.html
2026-07-20 08:48:33,842 - LoginPage - INFO - Typing text 'astronaut@orbitx.com' into element: ('id', 'username')
2026-07-20 08:48:34,000 - LoginPage - INFO - Typing text 'password123' into element: ('id', 'password')
2026-07-20 08:48:34,070 - LoginPage - INFO - Clicking element: ('id', 'login-btn')
2026-07-20 08:48:34,212 - NavigationPage - INFO - Clicking element: ('id', 'nav-satellite-radar')
2026-07-20 08:48:34,346 - NavigationPage - INFO - Clicking element: ('id', 'nav-planet-explorer')
2026-07-20 08:48:34,445 - NavigationPage - INFO - Clicking element: ('id', 'nav-space-notes')
2026-07-20 08:48:34,531 - Conftest - INFO - Closing WebDriver session...
2026-07-20 08:48:40,727 - Conftest - INFO - Initializing WebDriver session...
2026-07-20 08:48:44,132 - LoginPage - INFO - Navigating to URL: http://127.0.0.1:8080/login.html
2026-07-20 08:48:44,303 - LoginPage - INFO - Typing text 'astronaut@orbitx.com' into element: ('id', 'username')
2026-07-20 08:48:44,597 - LoginPage - INFO - Typing text 'password123' into element: ('id', 'password')
2026-07-20 08:48:44,677 - LoginPage - INFO - Clicking element: ('id', 'login-btn')
2026-07-20 08:48:44,761 - SpaceNotesPage - INFO - Typing text 'Jupiter' into element: ('css selector', "input[placeholder*='Give notes about']")
2026-07-20 08:48:44,838 - SpaceNotesPage - INFO - Clicking element: ('css selector', "form button[type='submit']")
2026-07-20 08:48:45,017 - SpaceNotesPage - INFO - Clicking element: ('xpath', "//button[contains(text(), 'Detailed Analysis')]")
2026-07-20 08:48:45,076 - SpaceNotesPage - INFO - Clicking element: ('xpath', "//button[contains(text(), 'PDF Summary')]")
2026-07-20 08:48:45,164 - SpaceNotesPage - INFO - Clicking element: ('xpath', "//button[contains(text(), 'Study Flashcards')]")
2026-07-20 08:48:45,257 - SpaceNotesPage - INFO - Clicking element: ('css selector', '.perspective-1000')
2026-07-20 08:48:50,682 - Conftest - INFO - Closing WebDriver session...
2026-07-20 08:48:52,808 - Conftest - INFO - Initializing WebDriver session...
2026-07-20 08:48:55,900 - LoginPage - INFO - Navigating to URL: http://127.0.0.1:8080/login.html
2026-07-20 08:48:56,008 - LoginPage - INFO - Typing text 'astronaut@orbitx.com' into element: ('id', 'username')
2026-07-20 08:48:56,175 - LoginPage - INFO - Typing text 'password123' into element: ('id', 'password')
2026-07-20 08:48:56,239 - LoginPage - INFO - Clicking element: ('id', 'login-btn')
2026-07-20 08:48:57,611 - Conftest - INFO - Closing WebDriver session...
2026-07-20 08:49:03,735 - Conftest - INFO - Initializing WebDriver session...
2026-07-20 08:49:10,794 - LoginPage - INFO - Navigating to URL: http://127.0.0.1:8080/login.html
2026-07-20 08:49:10,881 - LoginPage - INFO - Typing text 'astronaut@orbitx.com' into element: ('id', 'username')
2026-07-20 08:49:11,190 - LoginPage - INFO - Typing text 'password123' into element: ('id', 'password')
2026-07-20 08:49:11,245 - LoginPage - INFO - Clicking element: ('id', 'login-btn')
2026-07-20 08:49:11,436 - SettingsPage - INFO - Clicking element: ('xpath', "//h4[contains(text(), 'Real-Time Satellite Feed')]/parent::div/following-sibling::button")
2026-07-20 08:49:11,568 - SettingsPage - INFO - Setting range slider value to 500 on element: ('xpath', "//label[contains(text(), 'Latency Threshold')]/following-sibling::div/input")
2026-07-20 08:49:11,612 - SettingsPage - INFO - Clicking element: ('xpath', "//button[contains(text(), 'Hybrid-AI')]")
2026-07-20 08:49:11,697 - SettingsPage - INFO - Setting range slider value to 90 on element: ('xpath', "//label[contains(text(), 'Confidence Filter')]/parent::div/following-sibling::input")
2026-07-20 08:49:11,900 - Conftest - INFO - Closing WebDriver session...
2026-07-20 08:49:18,033 - Conftest - INFO - Initializing WebDriver session...
2026-07-20 08:49:21,274 - LoginPage - INFO - Navigating to URL: http://127.0.0.1:8080/login.html
2026-07-20 08:49:21,342 - LoginPage - INFO - Typing text 'astronaut@orbitx.com' into element: ('id', 'username')
2026-07-20 08:49:21,516 - LoginPage - INFO - Typing text 'password123' into element: ('id', 'password')
2026-07-20 08:49:21,582 - LoginPage - INFO - Clicking element: ('id', 'login-btn')
2026-07-20 08:49:21,970 - Conftest - INFO - Closing WebDriver session...
2026-07-20 08:49:24,089 - Conftest - INFO - Initializing WebDriver session...
2026-07-20 08:49:27,233 - LoginPage - INFO - Navigating to URL: http://127.0.0.1:8080/login.html
2026-07-20 08:49:27,297 - LoginPage - INFO - Typing text 'astronaut@orbitx.com' into element: ('id', 'username')
2026-07-20 08:49:27,456 - LoginPage - INFO - Typing text 'password123' into element: ('id', 'password')
2026-07-20 08:49:27,562 - LoginPage - INFO - Clicking element: ('id', 'login-btn')
2026-07-20 08:49:27,834 - SatelliteRadarPage - INFO - Clicking element: ('xpath', "//button[contains(@class, 'cursor-pointer') and .//*[local-name()='svg']] | //button[@id='mute-radar-btn']")
2026-07-20 08:49:27,952 - SatelliteRadarPage - INFO - Setting range slider value to 120 on element: ('xpath', "//span[contains(text(), 'Constellation Density')]/parent::div/following-sibling::input")
2026-07-20 08:49:27,987 - SatelliteRadarPage - INFO - Setting range slider value to 1500 on element: ('xpath', "//span[contains(text(), 'Orbital Altitude')]/parent::div/following-sibling::input")
2026-07-20 08:49:28,125 - Conftest - INFO - Closing WebDriver session...
2026-07-20 08:49:30,261 - Conftest - INFO - Initializing WebDriver session...
2026-07-20 08:49:33,371 - LoginPage - INFO - Navigating to URL: http://127.0.0.1:8080/dashboard.html
2026-07-20 08:49:33,557 - Conftest - INFO - Closing WebDriver session...
2026-07-20 08:49:35,711 - Conftest - INFO - Stopping local mock app server...
2026-07-20 08:49:40,031 - Conftest - INFO - Test Session Completed. Total duration: 103.57s
2026-07-20 08:54:50,705 - Conftest - INFO - Test Session Started at: 2026-07-20 08:54:50.704671
2026-07-20 08:54:50,754 - Conftest - INFO - Starting local mock app server...
2026-07-20 08:54:50,756 - Conftest - INFO - Initializing WebDriver session...
2026-07-20 08:54:55,311 - LoginPage - INFO - Navigating to URL: http://127.0.0.1:8080/login.html
2026-07-20 08:54:55,440 - LoginPage - INFO - Clicking element: ('id', 'login-btn')
2026-07-20 08:54:55,894 - Conftest - INFO - Closing WebDriver session...
2026-07-20 08:55:02,116 - Conftest - INFO - Initializing WebDriver session...
2026-07-20 08:55:05,907 - LoginPage - INFO - Navigating to URL: http://127.0.0.1:8080/login.html
2026-07-20 08:55:05,979 - LoginPage - INFO - Typing text 'wrong@orbitx.com' into element: ('id', 'username')
2026-07-20 08:55:06,145 - LoginPage - INFO - Typing text 'wrongpass' into element: ('id', 'password')
2026-07-20 08:55:06,264 - LoginPage - INFO - Clicking element: ('id', 'login-btn')
2026-07-20 08:55:06,384 - Conftest - INFO - Closing WebDriver session...
2026-07-20 08:55:12,728 - Conftest - INFO - Initializing WebDriver session...
2026-07-20 08:55:15,860 - LoginPage - INFO - Navigating to URL: http://127.0.0.1:8080/login.html
2026-07-20 08:55:15,918 - LoginPage - INFO - Typing text 'astronaut@orbitx.com' into element: ('id', 'username')
2026-07-20 08:55:16,069 - LoginPage - INFO - Typing text 'password123' into element: ('id', 'password')
2026-07-20 08:55:16,183 - LoginPage - INFO - Clicking element: ('id', 'login-btn')
2026-07-20 08:55:16,411 - DashboardPage - INFO - Clicking element: ('id', 'logout-btn')
2026-07-20 08:55:16,509 - Conftest - INFO - Closing WebDriver session...
2026-07-20 08:55:22,650 - Conftest - INFO - Initializing WebDriver session...
2026-07-20 08:55:25,918 - LoginPage - INFO - Navigating to URL: http://127.0.0.1:8080/login.html
2026-07-20 08:55:26,023 - LoginPage - INFO - Typing text 'astronaut@orbitx.com' into element: ('id', 'username')
2026-07-20 08:55:26,182 - LoginPage - INFO - Typing text 'password123' into element: ('id', 'password')
2026-07-20 08:55:26,288 - LoginPage - INFO - Clicking element: ('id', 'login-btn')
2026-07-20 08:55:26,432 - NavigationPage - INFO - Clicking element: ('id', 'nav-satellite-radar')
2026-07-20 08:55:26,550 - NavigationPage - INFO - Clicking element: ('id', 'nav-planet-explorer')
2026-07-20 08:55:26,642 - NavigationPage - INFO - Clicking element: ('id', 'nav-space-notes')
2026-07-20 08:55:26,714 - Conftest - INFO - Closing WebDriver session...
2026-07-20 08:55:32,853 - Conftest - INFO - Initializing WebDriver session...
2026-07-20 08:55:36,079 - LoginPage - INFO - Navigating to URL: http://127.0.0.1:8080/login.html
2026-07-20 08:55:36,230 - LoginPage - INFO - Typing text 'astronaut@orbitx.com' into element: ('id', 'username')
2026-07-20 08:55:36,490 - LoginPage - INFO - Typing text 'password123' into element: ('id', 'password')
2026-07-20 08:55:36,576 - LoginPage - INFO - Clicking element: ('id', 'login-btn')
2026-07-20 08:55:36,710 - SpaceNotesPage - INFO - Typing text 'Jupiter' into element: ('css selector', "input[placeholder*='Give notes about']")
2026-07-20 08:55:36,790 - SpaceNotesPage - INFO - Clicking element: ('css selector', "form button[type='submit']")
2026-07-20 08:55:36,978 - SpaceNotesPage - INFO - Clicking element: ('xpath', "//button[contains(text(), 'Detailed Analysis')]")
2026-07-20 08:55:37,044 - SpaceNotesPage - INFO - Clicking element: ('xpath', "//button[contains(text(), 'PDF Summary')]")
2026-07-20 08:55:37,130 - SpaceNotesPage - INFO - Clicking element: ('xpath', "//button[contains(text(), 'Study Flashcards')]")
2026-07-20 08:55:37,251 - SpaceNotesPage - INFO - Clicking element: ('css selector', '.perspective-1000')
2026-07-20 08:55:37,322 - SpaceNotesPage - INFO - Clicking element: ('xpath', "(//button[contains(@class, 'w-12') and contains(@class, 'h-12')])[2]")
2026-07-20 08:55:37,601 - Conftest - INFO - Closing WebDriver session...
2026-07-20 08:55:43,735 - Conftest - INFO - Initializing WebDriver session...
2026-07-20 08:55:46,831 - LoginPage - INFO - Navigating to URL: http://127.0.0.1:8080/login.html
2026-07-20 08:55:46,899 - LoginPage - INFO - Typing text 'astronaut@orbitx.com' into element: ('id', 'username')
2026-07-20 08:55:47,035 - LoginPage - INFO - Typing text 'password123' into element: ('id', 'password')
2026-07-20 08:55:47,120 - LoginPage - INFO - Clicking element: ('id', 'login-btn')
2026-07-20 08:55:48,537 - Conftest - INFO - Closing WebDriver session...
2026-07-20 08:55:54,683 - Conftest - INFO - Initializing WebDriver session...
2026-07-20 08:55:57,780 - LoginPage - INFO - Navigating to URL: http://127.0.0.1:8080/login.html
2026-07-20 08:55:57,890 - LoginPage - INFO - Typing text 'astronaut@orbitx.com' into element: ('id', 'username')
2026-07-20 08:55:58,033 - LoginPage - INFO - Typing text 'password123' into element: ('id', 'password')
2026-07-20 08:55:58,098 - LoginPage - INFO - Clicking element: ('id', 'login-btn')
2026-07-20 08:55:58,333 - SettingsPage - INFO - Clicking element: ('xpath', "//h4[contains(text(), 'Real-Time Satellite Feed')]/parent::div/following-sibling::button")
2026-07-20 08:55:58,415 - SettingsPage - INFO - Setting range slider value to 500 on element: ('xpath', "//label[contains(text(), 'Latency Threshold')]/following-sibling::div/input")
2026-07-20 08:55:58,443 - SettingsPage - INFO - Clicking element: ('xpath', "//button[contains(text(), 'Hybrid-AI')]")
2026-07-20 08:55:58,526 - SettingsPage - INFO - Setting range slider value to 90 on element: ('xpath', "//label[contains(text(), 'Confidence Filter')]/parent::div/following-sibling::input")
2026-07-20 08:55:58,733 - Conftest - INFO - Closing WebDriver session...
2026-07-20 08:56:04,871 - Conftest - INFO - Initializing WebDriver session...
2026-07-20 08:56:07,846 - LoginPage - INFO - Navigating to URL: http://127.0.0.1:8080/login.html
2026-07-20 08:56:07,940 - LoginPage - INFO - Typing text 'astronaut@orbitx.com' into element: ('id', 'username')
2026-07-20 08:56:08,069 - LoginPage - INFO - Typing text 'password123' into element: ('id', 'password')
2026-07-20 08:56:08,180 - LoginPage - INFO - Clicking element: ('id', 'login-btn')
2026-07-20 08:56:08,564 - Conftest - INFO - Closing WebDriver session...
2026-07-20 08:56:14,712 - Conftest - INFO - Initializing WebDriver session...
2026-07-20 08:56:18,208 - LoginPage - INFO - Navigating to URL: http://127.0.0.1:8080/login.html
2026-07-20 08:56:18,342 - LoginPage - INFO - Typing text 'astronaut@orbitx.com' into element: ('id', 'username')
2026-07-20 08:56:18,473 - LoginPage - INFO - Typing text 'password123' into element: ('id', 'password')
2026-07-20 08:56:18,531 - LoginPage - INFO - Clicking element: ('id', 'login-btn')
2026-07-20 08:56:18,791 - SatelliteRadarPage - INFO - Clicking element: ('xpath', "//button[contains(@class, 'cursor-pointer') and .//*[local-name()='svg']] | //button[@id='mute-radar-btn']")
2026-07-20 08:56:18,881 - SatelliteRadarPage - INFO - Setting range slider value to 120 on element: ('xpath', "//span[contains(text(), 'Constellation Density')]/parent::div/following-sibling::input")
2026-07-20 08:56:18,913 - SatelliteRadarPage - INFO - Setting range slider value to 1500 on element: ('xpath', "//span[contains(text(), 'Orbital Altitude')]/parent::div/following-sibling::input")
2026-07-20 08:56:29,649 - Conftest - INFO - Closing WebDriver session...
2026-07-20 08:56:31,781 - Conftest - INFO - Initializing WebDriver session...
2026-07-20 08:56:34,941 - LoginPage - INFO - Navigating to URL: http://127.0.0.1:8080/dashboard.html
2026-07-20 08:56:35,165 - Conftest - INFO - Closing WebDriver session...
2026-07-20 08:56:37,511 - Conftest - INFO - Stopping local mock app server...
2026-07-20 08:56:41,624 - Conftest - INFO - Test Session Completed. Total duration: 110.92s
2026-07-20 09:08:26,016 - Conftest - INFO - Test Session Started at: 2026-07-20 09:08:26.016212
2026-07-20 09:08:26,066 - Conftest - INFO - Starting local mock app server...
2026-07-20 09:08:26,067 - Conftest - INFO - Initializing WebDriver session...
2026-07-20 09:08:30,373 - LoginPage - INFO - Navigating to URL: http://127.0.0.1:8080/login.html
2026-07-20 09:08:30,609 - LoginPage - INFO - Clicking element: ('id', 'login-btn')
2026-07-20 09:08:30,898 - Conftest - INFO - Closing WebDriver session...
2026-07-20 09:08:37,116 - Conftest - INFO - Initializing WebDriver session...
2026-07-20 09:08:41,977 - LoginPage - INFO - Navigating to URL: http://127.0.0.1:8080/login.html
2026-07-20 09:08:42,118 - LoginPage - INFO - Typing text 'wrong@orbitx.com' into element: ('id', 'username')
2026-07-20 09:08:42,382 - LoginPage - INFO - Typing text 'wrongpass' into element: ('id', 'password')
2026-07-20 09:08:42,490 - LoginPage - INFO - Clicking element: ('id', 'login-btn')
2026-07-20 09:08:42,834 - Conftest - INFO - Closing WebDriver session...
2026-07-20 09:08:49,164 - Conftest - INFO - Initializing WebDriver session...
2026-07-20 09:08:53,664 - LoginPage - INFO - Navigating to URL: http://127.0.0.1:8080/login.html
2026-07-20 09:08:53,997 - LoginPage - INFO - Typing text 'astronaut@orbitx.com' into element: ('id', 'username')
2026-07-20 09:08:54,368 - LoginPage - INFO - Typing text 'password123' into element: ('id', 'password')
2026-07-20 09:08:54,511 - LoginPage - INFO - Clicking element: ('id', 'login-btn')
2026-07-20 09:08:54,837 - DashboardPage - INFO - Clicking element: ('id', 'logout-btn')
2026-07-20 09:08:55,002 - Conftest - INFO - Closing WebDriver session...
2026-07-20 09:09:01,158 - Conftest - INFO - Initializing WebDriver session...
2026-07-20 09:09:04,717 - LoginPage - INFO - Navigating to URL: http://127.0.0.1:8080/login.html
2026-07-20 09:09:04,786 - LoginPage - INFO - Typing text 'astronaut@orbitx.com' into element: ('id', 'username')
2026-07-20 09:09:04,908 - LoginPage - INFO - Typing text 'password123' into element: ('id', 'password')
2026-07-20 09:09:05,013 - LoginPage - INFO - Clicking element: ('id', 'login-btn')
2026-07-20 09:09:05,129 - NavigationPage - INFO - Clicking element: ('id', 'nav-satellite-radar')
2026-07-20 09:09:05,264 - NavigationPage - INFO - Clicking element: ('id', 'nav-planet-explorer')
2026-07-20 09:09:05,350 - NavigationPage - INFO - Clicking element: ('id', 'nav-space-notes')
2026-07-20 09:09:05,423 - Conftest - INFO - Closing WebDriver session...
2026-07-20 09:09:11,557 - Conftest - INFO - Initializing WebDriver session...
2026-07-20 09:09:14,745 - LoginPage - INFO - Navigating to URL: http://127.0.0.1:8080/login.html
2026-07-20 09:09:14,839 - LoginPage - INFO - Typing text 'astronaut@orbitx.com' into element: ('id', 'username')
2026-07-20 09:09:14,966 - LoginPage - INFO - Typing text 'password123' into element: ('id', 'password')
2026-07-20 09:09:15,034 - LoginPage - INFO - Clicking element: ('id', 'login-btn')
2026-07-20 09:09:15,136 - SpaceNotesPage - INFO - Typing text 'Jupiter' into element: ('css selector', "input[placeholder*='Give notes about']")
2026-07-20 09:09:15,230 - SpaceNotesPage - INFO - Clicking element: ('css selector', "form button[type='submit']")
2026-07-20 09:09:15,400 - SpaceNotesPage - INFO - Clicking element: ('xpath', "//button[contains(text(), 'Detailed Analysis')]")
2026-07-20 09:09:15,459 - SpaceNotesPage - INFO - Clicking element: ('xpath', "//button[contains(text(), 'PDF Summary')]")
2026-07-20 09:09:15,540 - SpaceNotesPage - INFO - Clicking element: ('xpath', "//button[contains(text(), 'Study Flashcards')]")
2026-07-20 09:09:15,638 - SpaceNotesPage - INFO - Clicking element: ('css selector', '.perspective-1000')
2026-07-20 09:09:15,696 - SpaceNotesPage - INFO - Clicking element: ('xpath', "(//button[contains(@class, 'w-12') and contains(@class, 'h-12')])[2]")
2026-07-20 09:09:15,998 - Conftest - INFO - Closing WebDriver session...
2026-07-20 09:09:22,151 - Conftest - INFO - Initializing WebDriver session...
2026-07-20 09:09:25,822 - LoginPage - INFO - Navigating to URL: http://127.0.0.1:8080/login.html
2026-07-20 09:09:25,874 - LoginPage - INFO - Typing text 'astronaut@orbitx.com' into element: ('id', 'username')
2026-07-20 09:09:26,015 - LoginPage - INFO - Typing text 'password123' into element: ('id', 'password')
2026-07-20 09:09:26,087 - LoginPage - INFO - Clicking element: ('id', 'login-btn')
2026-07-20 09:09:27,650 - Conftest - INFO - Closing WebDriver session...
2026-07-20 09:09:33,788 - Conftest - INFO - Initializing WebDriver session...
2026-07-20 09:09:37,867 - LoginPage - INFO - Navigating to URL: http://127.0.0.1:8080/login.html
2026-07-20 09:09:37,941 - LoginPage - INFO - Typing text 'astronaut@orbitx.com' into element: ('id', 'username')
2026-07-20 09:09:38,654 - LoginPage - INFO - Typing text 'password123' into element: ('id', 'password')
2026-07-20 09:09:38,778 - LoginPage - INFO - Clicking element: ('id', 'login-btn')
2026-07-20 09:09:39,137 - SettingsPage - INFO - Clicking element: ('xpath', "//h4[contains(text(), 'Real-Time Satellite Feed')]/parent::div/following-sibling::button")
2026-07-20 09:09:39,298 - SettingsPage - INFO - Setting range slider value to 500 on element: ('xpath', "//label[contains(text(), 'Latency Threshold')]/following-sibling::div/input")
2026-07-20 09:09:39,349 - SettingsPage - INFO - Clicking element: ('xpath', "//button[contains(text(), 'Hybrid-AI')]")
2026-07-20 09:09:39,490 - SettingsPage - INFO - Setting range slider value to 90 on element: ('xpath', "//label[contains(text(), 'Confidence Filter')]/parent::div/following-sibling::input")
2026-07-20 09:09:39,899 - Conftest - INFO - Closing WebDriver session...
2026-07-20 09:09:46,077 - Conftest - INFO - Initializing WebDriver session...
2026-07-20 09:09:49,446 - LoginPage - INFO - Navigating to URL: http://127.0.0.1:8080/login.html
2026-07-20 09:09:49,542 - LoginPage - INFO - Typing text 'astronaut@orbitx.com' into element: ('id', 'username')
2026-07-20 09:09:49,678 - LoginPage - INFO - Typing text 'password123' into element: ('id', 'password')
2026-07-20 09:09:49,806 - LoginPage - INFO - Clicking element: ('id', 'login-btn')
2026-07-20 09:09:50,365 - Conftest - INFO - Closing WebDriver session...
2026-07-20 09:09:56,562 - Conftest - INFO - Initializing WebDriver session...
2026-07-20 09:10:00,292 - LoginPage - INFO - Navigating to URL: http://127.0.0.1:8080/login.html
2026-07-20 09:10:00,402 - LoginPage - INFO - Typing text 'astronaut@orbitx.com' into element: ('id', 'username')
2026-07-20 09:10:00,550 - LoginPage - INFO - Typing text 'password123' into element: ('id', 'password')
2026-07-20 09:10:00,661 - LoginPage - INFO - Clicking element: ('id', 'login-btn')
2026-07-20 09:10:00,929 - SatelliteRadarPage - INFO - Clicking element: ('xpath', "//button[contains(@class, 'cursor-pointer') and .//*[local-name()='svg']] | //button[@id='mute-radar-btn']")
2026-07-20 09:10:01,038 - SatelliteRadarPage - INFO - Setting range slider value to 120 on element: ('xpath', "//span[contains(text(), 'Constellation Density')]/parent::div/following-sibling::input")
2026-07-20 09:10:01,072 - SatelliteRadarPage - INFO - Setting range slider value to 1500 on element: ('xpath', "//span[contains(text(), 'Orbital Altitude')]/parent::div/following-sibling::input")
2026-07-20 09:10:01,181 - Conftest - INFO - Closing WebDriver session...
2026-07-20 09:10:07,348 - Conftest - INFO - Initializing WebDriver session...
2026-07-20 09:10:10,724 - LoginPage - INFO - Navigating to URL: http://127.0.0.1:8080/dashboard.html
2026-07-20 09:10:10,903 - Conftest - INFO - Closing WebDriver session...
2026-07-20 09:10:13,063 - Conftest - INFO - Stopping local mock app server...
2026-07-20 09:10:17,366 - Conftest - INFO - Test Session Completed. Total duration: 111.35s
2026-07-21 17:50:24,897 - Conftest - INFO - Test Session Started at: 2026-07-21 17:50:24.897443
2026-07-21 17:50:25,054 - Conftest - INFO - Starting local mock app server...
2026-07-21 17:50:25,055 - Conftest - INFO - Initializing WebDriver session...
2026-07-21 17:50:28,900 - LoginPage - INFO - Navigating to URL: http://127.0.0.1:8080/login.html
2026-07-21 17:50:29,121 - Conftest - INFO - Closing WebDriver session...
2026-07-21 17:50:35,434 - Conftest - INFO - Initializing WebDriver session...
2026-07-21 17:50:36,841 - LoginPage - INFO - Navigating to URL: http://127.0.0.1:8080/login.html
2026-07-21 17:50:36,916 - Conftest - INFO - Closing WebDriver session...
